/home/tk9623/JM_to_FI/UST_BmHY_mix_cont1.4.5_KPLS.py:169: FutureWarning: DataFrame.fillna with 'method' is deprecated and will raise in a future version. Use obj.ffill() or obj.bfill() instead.
  X_with_pc = X_with_pc.fillna(method="bfill")
/home/tk9623/JM_to_FI/UST_BmHY_mix_cont1.4.5_KPLS.py:199: FutureWarning: DataFrame.fillna with 'method' is deprecated and will raise in a future version. Use obj.ffill() or obj.bfill() instead.
  X_with_ns = X_with_ns.fillna(method="bfill")
/home/tk9623/JM_to_FI/UST_BmHY_mix_cont1.4.5_KPLS.py:411: FutureWarning: DataFrame.fillna with 'method' is deprecated and will raise in a future version. Use obj.ffill() or obj.bfill() instead.
  bi_aligned = bi_aligned.fillna(method="bfill")
/home/tk9623/JM_to_FI/UST_BmHY_mix_cont1.4.5_KPLS.py:474: FutureWarning: DataFrame.fillna with 'method' is deprecated and will raise in a future version. Use obj.ffill() or obj.bfill() instead.
  sw_aligned = sw_aligned.fillna(method="bfill")
Daily returns stored in `data.ret_ser`:
--------------------------------------------------
date
1999-01-04   -0.003411
1999-01-05   -0.004375
1999-01-06   -0.000164
1999-01-07   -0.003952
1999-01-08   -0.007014
                ...   
2025-03-24   -0.008715
2025-03-26    0.001872
2025-03-27    0.000297
2025-03-28    0.011206
2025-03-31    0.004514
Name: diffret of UST10 and BmHY, Length: 6577, dtype: float64
--------------------------------------------------
Features stored in `data.X`:
--------------------------------------------------
               ret_5  DD-log_5  sortino_5  ...    ret_60  DD-log_60  sortino_60
date                                       ...                                 
1999-01-04 -0.000447 -5.797457  -0.147171  ... -0.001961  -4.701068   -0.215840
1999-01-05 -0.000955 -5.732188  -0.294805  ... -0.001990  -4.705673   -0.220022
1999-01-06 -0.000853 -5.801312  -0.282033  ... -0.001968  -4.711672   -0.218923
1999-01-07 -0.001254 -5.757463  -0.396914  ... -0.001992  -4.716505   -0.222627
1999-01-08 -0.002000 -5.551829  -0.515310  ... -0.002052  -4.718806   -0.229847
...              ...       ...        ...  ...       ...        ...         ...
2025-03-24 -0.000738 -5.593602  -0.198353  ... -0.000141  -5.879400   -0.050516
2025-03-26 -0.000400 -5.662917  -0.115264  ... -0.000118  -5.885176   -0.042490
2025-03-27 -0.000310 -5.732232  -0.095676  ... -0.000113  -5.890952   -0.041011
2025-03-28  0.001181 -5.801546   0.390611  ...  0.000017  -5.896728    0.006057
2025-03-31  0.001612 -5.870861   0.571609  ...  0.000068  -5.902505    0.024994

[6577 rows x 9 columns]
[base] train: 1999-01-04 00:00:00〜2009-12-31 00:00:00 | validation 2010-01-04 00:00:00 ~ 2014-12-31 00:00:00 |test: 2015-01-02 00:00:00〜2025-03-31 00:00:00
  raw train—inf? False, nan? False
  clean train—inf? False, nan? False
  raw val   —inf? False, nan? False
  clean val —inf? False, nan? False
  raw test —inf? False, nan? False
  clean test —inf? False, nan? False

[NS] train: 1999-01-04 00:00:00〜2009-12-31 00:00:00 | validation 2010-01-04 00:00:00 ~ 2014-12-31 00:00:00 |test: 2015-01-02 00:00:00〜2025-03-31 00:00:00
  raw train—inf? False, nan? False
  clean train—inf? False, nan? False
  raw val   —inf? False, nan? False
  clean val —inf? False, nan? False
  raw test —inf? False, nan? False
  clean test —inf? False, nan? False

[PCA] train: 1999-01-04 00:00:00〜2009-12-31 00:00:00 | validation 2010-01-04 00:00:00 ~ 2014-12-31 00:00:00 |test: 2015-01-02 00:00:00〜2025-03-31 00:00:00
  raw train—inf? False, nan? False
  clean train—inf? False, nan? False
  raw val   —inf? False, nan? False
  clean val —inf? False, nan? False
  raw test —inf? False, nan? False
  clean test —inf? False, nan? False

/home/tk9623/JM_to_FI/UST_BmHY_mix_cont1.4.5_KPLS.py:700: FutureWarning: The behavior of array concatenation with empty entries is deprecated. In a future version, this will no longer exclude empty items when determining the result dtype. To retain the old behavior, exclude the empty entries before the concat operation.
  regime_all = pd.concat([regime_all, regime])
/home/tk9623/JM_to_FI/UST_BmHY_mix_cont1.4.5_KPLS.py:700: FutureWarning: The behavior of array concatenation with empty entries is deprecated. In a future version, this will no longer exclude empty items when determining the result dtype. To retain the old behavior, exclude the empty entries before the concat operation.
  regime_all = pd.concat([regime_all, regime])
/home/tk9623/JM_to_FI/UST_BmHY_mix_cont1.4.5_KPLS.py:700: FutureWarning: The behavior of array concatenation with empty entries is deprecated. In a future version, this will no longer exclude empty items when determining the result dtype. To retain the old behavior, exclude the empty entries before the concat operation.
  regime_all = pd.concat([regime_all, regime])
/home/tk9623/JM_to_FI/UST_BmHY_mix_cont1.4.5_KPLS.py:700: FutureWarning: The behavior of array concatenation with empty entries is deprecated. In a future version, this will no longer exclude empty items when determining the result dtype. To retain the old behavior, exclude the empty entries before the concat operation.
  regime_all = pd.concat([regime_all, regime])
/home/tk9623/JM_to_FI/UST_BmHY_mix_cont1.4.5_KPLS.py:700: FutureWarning: The behavior of array concatenation with empty entries is deprecated. In a future version, this will no longer exclude empty items when determining the result dtype. To retain the old behavior, exclude the empty entries before the concat operation.
  regime_all = pd.concat([regime_all, regime])
/home/tk9623/JM_to_FI/UST_BmHY_mix_cont1.4.5_KPLS.py:815: FutureWarning: DataFrame.applymap has been deprecated. Use DataFrame.map instead.
  perf_df = perf_df.applymap(lambda cell: cell.item() if isinstance(cell, pd.Series) and cell.size == 1 else cell)
Prediction period: 2010-01-01 00:00:00 to 2010-06-30 00:00:00
Best jump penalty: 56.23413251903491, Best reg_alpha: 0.2, Best Score: 0.119
Classification Report:
               precision    recall  f1-score   support

      growth       1.00      0.44      0.61        41
       crash       0.79      1.00      0.88        84

    accuracy                           0.82       125
   macro avg       0.89      0.72      0.74       125
weighted avg       0.86      0.82      0.79       125

Prediction period: 2010-07-01 00:00:00 to 2010-12-31 00:00:00
Best jump penalty: 56.23413251903491, Best reg_alpha: 0.2, Best Score: 0.095
Classification Report:
               precision    recall  f1-score   support

      growth       0.00      0.00      0.00        21
       crash       0.83      1.00      0.91       104

    accuracy                           0.83       125
   macro avg       0.42      0.50      0.45       125
weighted avg       0.69      0.83      0.76       125

Prediction period: 2011-01-01 00:00:00 to 2011-06-30 00:00:00
Best jump penalty: 56.23413251903491, Best reg_alpha: 0.2, Best Score: 0.108
Classification Report:
               precision    recall  f1-score   support

      growth       1.00      0.06      0.12        49
       crash       0.62      1.00      0.77        75

    accuracy                           0.63       124
   macro avg       0.81      0.53      0.44       124
weighted avg       0.77      0.63      0.51       124

Prediction period: 2011-07-01 00:00:00 to 2011-12-31 00:00:00
Best jump penalty: 316.2277660168379, Best reg_alpha: 0.2, Best Score: 0.113
Classification Report:
               precision    recall  f1-score   support

      growth       0.89      0.82      0.85        50
       crash       0.88      0.93      0.91        74

    accuracy                           0.89       124
   macro avg       0.89      0.88      0.88       124
weighted avg       0.89      0.89      0.89       124

Prediction period: 2012-01-01 00:00:00 to 2012-06-30 00:00:00
Best jump penalty: 10.0, Best reg_alpha: 0.2, Best Score: 0.122
Classification Report:
               precision    recall  f1-score   support

      growth       1.00      0.31      0.47        59
       crash       0.62      1.00      0.76        66

    accuracy                           0.67       125
   macro avg       0.81      0.65      0.62       125
weighted avg       0.80      0.67      0.62       125

Prediction period: 2012-07-01 00:00:00 to 2012-12-31 00:00:00
Best jump penalty: 56.23413251903491, Best reg_alpha: 0.2, Best Score: 0.111
Classification Report:
               precision    recall  f1-score   support

      growth       0.00      0.00      0.00        41
       crash       0.67      1.00      0.80        82

    accuracy                           0.67       123
   macro avg       0.33      0.50      0.40       123
weighted avg       0.44      0.67      0.53       123

Prediction period: 2013-01-01 00:00:00 to 2013-06-30 00:00:00
Best jump penalty: 56.23413251903491, Best reg_alpha: 0.2, Best Score: 0.101
Classification Report:
               precision    recall  f1-score   support

      growth       0.00      0.00      0.00        30
       crash       0.76      1.00      0.86        94

    accuracy                           0.76       124
   macro avg       0.38      0.50      0.43       124
weighted avg       0.57      0.76      0.65       124

Prediction period: 2013-07-01 00:00:00 to 2013-12-31 00:00:00
Best jump penalty: 316.2277660168379, Best reg_alpha: 0.2, Best Score: 0.100
Classification Report:
               precision    recall  f1-score   support

      growth       0.00      0.00      0.00        70
       crash       0.44      1.00      0.61        55

    accuracy                           0.44       125
   macro avg       0.22      0.50      0.31       125
weighted avg       0.19      0.44      0.27       125

Prediction period: 2014-01-01 00:00:00 to 2014-06-30 00:00:00
Best jump penalty: 56.23413251903491, Best reg_alpha: 0.2, Best Score: 0.100
Classification Report:
               precision    recall  f1-score   support

      growth       0.00      0.00      0.00        67
       crash       0.46      1.00      0.63        56

    accuracy                           0.46       123
   macro avg       0.23      0.50      0.31       123
weighted avg       0.21      0.46      0.28       123

Prediction period: 2014-07-01 00:00:00 to 2014-12-31 00:00:00
Best jump penalty: 56.23413251903491, Best reg_alpha: 0.2, Best Score: 0.122
Classification Report:
               precision    recall  f1-score   support

      growth       0.78      0.58      0.67        36
       crash       0.85      0.93      0.89        89

    accuracy                           0.83       125
   macro avg       0.81      0.76      0.78       125
weighted avg       0.83      0.83      0.82       125

Prediction period: 2015-01-01 00:00:00 to 2015-06-30 00:00:00
Best jump penalty: 56.23413251903491, Best reg_alpha: 0.2, Best Score: 0.112
Classification Report:
               precision    recall  f1-score   support

      growth       0.69      1.00      0.81        22
       crash       1.00      0.90      0.95       102

    accuracy                           0.92       124
   macro avg       0.84      0.95      0.88       124
weighted avg       0.94      0.92      0.92       124

Prediction period: 2015-07-01 00:00:00 to 2015-12-31 00:00:00
Best jump penalty: 10.0, Best reg_alpha: 0.2, Best Score: 0.108
Classification Report:
               precision    recall  f1-score   support

      growth       0.49      0.60      0.54        50
       crash       0.69      0.59      0.63        75

    accuracy                           0.59       125
   macro avg       0.59      0.59      0.59       125
weighted avg       0.61      0.59      0.60       125

Prediction period: 2016-01-01 00:00:00 to 2016-06-30 00:00:00
Best jump penalty: 56.23413251903491, Best reg_alpha: 0.2, Best Score: 0.105
Classification Report:
               precision    recall  f1-score   support

      growth       0.78      1.00      0.88        36
       crash       1.00      0.89      0.94        88

    accuracy                           0.92       124
   macro avg       0.89      0.94      0.91       124
weighted avg       0.94      0.92      0.92       124

Prediction period: 2016-07-01 00:00:00 to 2016-12-31 00:00:00
Best jump penalty: 10.0, Best reg_alpha: 0.2, Best Score: 0.104
Classification Report:
               precision    recall  f1-score   support

      growth       0.00      0.00      0.00        35
       crash       0.72      1.00      0.84        89

    accuracy                           0.72       124
   macro avg       0.36      0.50      0.42       124
weighted avg       0.52      0.72      0.60       124

Prediction period: 2017-01-01 00:00:00 to 2017-06-30 00:00:00
Best jump penalty: 10.0, Best reg_alpha: 0.2, Best Score: 0.100
Classification Report:
               precision    recall  f1-score   support

      growth       0.00      0.00      0.00        77
       crash       0.38      1.00      0.55        47

    accuracy                           0.38       124
   macro avg       0.19      0.50      0.27       124
weighted avg       0.14      0.38      0.21       124

Prediction period: 2017-07-01 00:00:00 to 2017-12-31 00:00:00
Best jump penalty: 10.0, Best reg_alpha: 0.2, Best Score: 0.105
Classification Report:
               precision    recall  f1-score   support

      growth       0.00      0.00      0.00        61
       crash       0.51      1.00      0.67        63

    accuracy                           0.51       124
   macro avg       0.25      0.50      0.34       124
weighted avg       0.26      0.51      0.34       124

Prediction period: 2018-01-01 00:00:00 to 2018-06-30 00:00:00
Best jump penalty: 10.0, Best reg_alpha: 0.2, Best Score: 0.125
Classification Report:
               precision    recall  f1-score   support

      growth       0.00      0.00      0.00        35
       crash       0.72      1.00      0.84        90

    accuracy                           0.72       125
   macro avg       0.36      0.50      0.42       125
weighted avg       0.52      0.72      0.60       125

Prediction period: 2018-07-01 00:00:00 to 2018-12-31 00:00:00
Best jump penalty: 10.0, Best reg_alpha: 0.2, Best Score: 0.102
Classification Report:
               precision    recall  f1-score   support

      growth       1.00      0.86      0.93        29
       crash       0.96      1.00      0.98        95

    accuracy                           0.97       124
   macro avg       0.98      0.93      0.95       124
weighted avg       0.97      0.97      0.97       124

Prediction period: 2019-01-01 00:00:00 to 2019-06-30 00:00:00
Best jump penalty: 10.0, Best reg_alpha: 0.2, Best Score: 0.072
Classification Report:
               precision    recall  f1-score   support

      growth       0.80      0.45      0.58        44
       crash       0.76      0.94      0.84        79

    accuracy                           0.76       123
   macro avg       0.78      0.70      0.71       123
weighted avg       0.77      0.76      0.74       123

Prediction period: 2019-07-01 00:00:00 to 2019-12-31 00:00:00
Best jump penalty: 56.23413251903491, Best reg_alpha: 0.2, Best Score: 0.072
Classification Report:
               precision    recall  f1-score   support

      growth       0.88      0.41      0.56        56
       crash       0.67      0.96      0.79        70

    accuracy                           0.71       126
   macro avg       0.78      0.68      0.67       126
weighted avg       0.77      0.71      0.69       126

Prediction period: 2020-01-01 00:00:00 to 2020-06-30 00:00:00
Best jump penalty: 56.23413251903491, Best reg_alpha: 0.2, Best Score: 0.038
Classification Report:
               precision    recall  f1-score   support

      growth       0.42      1.00      0.59        30
       crash       1.00      0.56      0.72        94

    accuracy                           0.67       124
   macro avg       0.71      0.78      0.66       124
weighted avg       0.86      0.67      0.69       124

Prediction period: 2020-07-01 00:00:00 to 2020-12-31 00:00:00
Best jump penalty: 10.0, Best reg_alpha: 0.2, Best Score: 0.057
Classification Report:
               precision    recall  f1-score   support

      growth       0.00      0.00      0.00        71
       crash       0.43      1.00      0.60        54

    accuracy                           0.43       125
   macro avg       0.22      0.50      0.30       125
weighted avg       0.19      0.43      0.26       125

Prediction period: 2021-01-01 00:00:00 to 2021-06-30 00:00:00
Best jump penalty: 10.0, Best reg_alpha: 0.2, Best Score: 0.056
Classification Report:
               precision    recall  f1-score   support

      growth       0.00      0.00      0.00        57
       crash       0.54      1.00      0.70        68

    accuracy                           0.54       125
   macro avg       0.27      0.50      0.35       125
weighted avg       0.30      0.54      0.38       125

Prediction period: 2021-07-01 00:00:00 to 2021-12-31 00:00:00
Best jump penalty: 10.0, Best reg_alpha: 0.2, Best Score: 0.049
Classification Report:
               precision    recall  f1-score   support

      growth       1.00      0.04      0.07        54
       crash       0.58      1.00      0.73        71

    accuracy                           0.58       125
   macro avg       0.79      0.52      0.40       125
weighted avg       0.76      0.58      0.45       125

Prediction period: 2022-01-01 00:00:00 to 2022-06-30 00:00:00
Best jump penalty: 10.0, Best reg_alpha: 0.2, Best Score: 0.047
Classification Report:
               precision    recall  f1-score   support

      growth       1.00      0.07      0.12        60
       crash       0.53      1.00      0.69        63

    accuracy                           0.54       123
   macro avg       0.76      0.53      0.41       123
weighted avg       0.76      0.54      0.42       123

Prediction period: 2022-07-01 00:00:00 to 2022-12-31 00:00:00
Best jump penalty: 316.2277660168379, Best reg_alpha: 0.2, Best Score: 0.036
Classification Report:
               precision    recall  f1-score   support

      growth       1.00      0.95      0.98        21
       crash       0.99      1.00      1.00       103

    accuracy                           0.99       124
   macro avg       1.00      0.98      0.99       124
weighted avg       0.99      0.99      0.99       124

Prediction period: 2023-01-01 00:00:00 to 2023-06-30 00:00:00
Best jump penalty: 10.0, Best reg_alpha: 0.2, Best Score: 0.036
Classification Report:
               precision    recall  f1-score   support

      growth       1.00      0.07      0.13        42
       crash       0.68      1.00      0.81        82

    accuracy                           0.69       124
   macro avg       0.84      0.54      0.47       124
weighted avg       0.79      0.69      0.58       124

Prediction period: 2023-07-01 00:00:00 to 2023-12-31 00:00:00
Best jump penalty: 56.23413251903491, Best reg_alpha: 0.2, Best Score: 0.040
Classification Report:
               precision    recall  f1-score   support

      growth       0.00      0.00      0.00        33
       crash       0.74      1.00      0.85        92

    accuracy                           0.74       125
   macro avg       0.37      0.50      0.42       125
weighted avg       0.54      0.74      0.62       125

Prediction period: 2024-01-01 00:00:00 to 2024-06-30 00:00:00
Best jump penalty: 10.0, Best reg_alpha: 0.2, Best Score: 0.034
Classification Report:
               precision    recall  f1-score   support

      growth       0.00      0.00      0.00        50
       crash       0.61      1.00      0.76        78

    accuracy                           0.61       128
   macro avg       0.30      0.50      0.38       128
weighted avg       0.37      0.61      0.46       128

Prediction period: 2024-07-01 00:00:00 to 2024-12-31 00:00:00
Best jump penalty: 10.0, Best reg_alpha: 0.2, Best Score: 0.021
Classification Report:
               precision    recall  f1-score   support

      growth       0.00      0.00      0.00        67
       crash       0.49      1.00      0.66        64

    accuracy                           0.49       131
   macro avg       0.24      0.50      0.33       131
weighted avg       0.24      0.49      0.32       131

   annual_return  annual_vol   sharpe  ...   cvar_99    calmar  information_ratio
0       0.060102    0.047072  1.27681  ... -0.012052  0.343905           0.983139

[1 rows x 8 columns]
   annual_return  annual_vol    sharpe  ...   cvar_99    calmar  information_ratio
0       0.015967    0.073748  0.216502  ... -0.014961  0.054052           0.107515

[1 rows x 8 columns]
   annual_return  annual_vol   sharpe  ...   cvar_99    calmar  information_ratio
0       0.047906    0.047414  1.01038  ... -0.014647  0.230056           0.622017

[1 rows x 8 columns]
   annual_return  annual_vol    sharpe  ...   cvar_99    calmar  information_ratio
0       0.011909    0.043135  0.276085  ... -0.010021  0.053233                NaN

[1 rows x 8 columns]
[Full loop] 2024-07-01～2024-12-31 total 1294.7s
Prediction period: 2010-01-01 00:00:00 to 2010-06-30 00:00:00
Best jump penalty: 10.0, Best reg_alpha: 0.2, Best Score: 0.112
Classification Report:
               precision    recall  f1-score   support

      growth       1.00      0.39      0.56        41
       crash       0.77      1.00      0.87        84

    accuracy                           0.80       125
   macro avg       0.89      0.70      0.72       125
weighted avg       0.85      0.80      0.77       125

Prediction period: 2010-07-01 00:00:00 to 2010-12-31 00:00:00
Best jump penalty: 10.0, Best reg_alpha: 0.2, Best Score: 0.106
Classification Report:
               precision    recall  f1-score   support

      growth       0.00      0.00      0.00        27
       crash       0.78      1.00      0.88        98

    accuracy                           0.78       125
   macro avg       0.39      0.50      0.44       125
weighted avg       0.61      0.78      0.69       125

Prediction period: 2011-01-01 00:00:00 to 2011-06-30 00:00:00
Best jump penalty: 56.23413251903491, Best reg_alpha: 0.2, Best Score: 0.122
Classification Report:
               precision    recall  f1-score   support

      growth       0.00      0.00      0.00        45
       crash       0.64      1.00      0.78        79

    accuracy                           0.64       124
   macro avg       0.32      0.50      0.39       124
weighted avg       0.41      0.64      0.50       124

Prediction period: 2011-07-01 00:00:00 to 2011-12-31 00:00:00
Best jump penalty: 10.0, Best reg_alpha: 0.2, Best Score: 0.127
Classification Report:
               precision    recall  f1-score   support

      growth       0.93      0.57      0.70        46
       crash       0.79      0.97      0.87        78

    accuracy                           0.82       124
   macro avg       0.86      0.77      0.79       124
weighted avg       0.84      0.82      0.81       124

Prediction period: 2012-01-01 00:00:00 to 2012-06-30 00:00:00
Best jump penalty: 316.2277660168379, Best reg_alpha: 0.2, Best Score: 0.124
Classification Report:
               precision    recall  f1-score   support

      growth       0.00      0.00      0.00        38
       crash       0.70      1.00      0.82        87

    accuracy                           0.70       125
   macro avg       0.35      0.50      0.41       125
weighted avg       0.48      0.70      0.57       125

Prediction period: 2012-07-01 00:00:00 to 2012-12-31 00:00:00
Best jump penalty: 56.23413251903491, Best reg_alpha: 0.2, Best Score: 0.094
Classification Report:
               precision    recall  f1-score   support

      growth       0.00      0.00      0.00        54
       crash       0.56      1.00      0.72        69

    accuracy                           0.56       123
   macro avg       0.28      0.50      0.36       123
weighted avg       0.31      0.56      0.40       123

Prediction period: 2013-01-01 00:00:00 to 2013-06-30 00:00:00
Best jump penalty: 316.2277660168379, Best reg_alpha: 0.2, Best Score: 0.106
Classification Report:
               precision    recall  f1-score   support

      growth       0.00      0.00      0.00        56
       crash       0.55      1.00      0.71        68

    accuracy                           0.55       124
   macro avg       0.27      0.50      0.35       124
weighted avg       0.30      0.55      0.39       124

Prediction period: 2013-07-01 00:00:00 to 2013-12-31 00:00:00
Best jump penalty: 10.0, Best reg_alpha: 0.2, Best Score: 0.098
Classification Report:
               precision    recall  f1-score   support

      growth       0.00      0.00      0.00        71
       crash       0.43      1.00      0.60        54

    accuracy                           0.43       125
   macro avg       0.22      0.50      0.30       125
weighted avg       0.19      0.43      0.26       125

Prediction period: 2014-01-01 00:00:00 to 2014-06-30 00:00:00
Best jump penalty: 56.23413251903491, Best reg_alpha: 0.2, Best Score: 0.101
Classification Report:
               precision    recall  f1-score   support

      growth       0.00      0.00      0.00        68
       crash       0.45      1.00      0.62        55

    accuracy                           0.45       123
   macro avg       0.22      0.50      0.31       123
weighted avg       0.20      0.45      0.28       123

Prediction period: 2014-07-01 00:00:00 to 2014-12-31 00:00:00
Best jump penalty: 56.23413251903491, Best reg_alpha: 0.2, Best Score: 0.115
Classification Report:
               precision    recall  f1-score   support

      growth       0.97      0.50      0.66        58
       crash       0.69      0.99      0.81        67

    accuracy                           0.76       125
   macro avg       0.83      0.74      0.74       125
weighted avg       0.82      0.76      0.74       125

Prediction period: 2015-01-01 00:00:00 to 2015-06-30 00:00:00
Best jump penalty: 10.0, Best reg_alpha: 0.2, Best Score: 0.107
Classification Report:
               precision    recall  f1-score   support

      growth       0.82      0.61      0.70        38
       crash       0.84      0.94      0.89        86

    accuracy                           0.84       124
   macro avg       0.83      0.77      0.79       124
weighted avg       0.84      0.84      0.83       124

Prediction period: 2015-07-01 00:00:00 to 2015-12-31 00:00:00
Best jump penalty: 10.0, Best reg_alpha: 0.2, Best Score: 0.107
Classification Report:
               precision    recall  f1-score   support

      growth       0.50      0.48      0.49        63
       crash       0.49      0.52      0.50        62

    accuracy                           0.50       125
   macro avg       0.50      0.50      0.50       125
weighted avg       0.50      0.50      0.50       125

Prediction period: 2016-01-01 00:00:00 to 2016-06-30 00:00:00
Best jump penalty: 10.0, Best reg_alpha: 0.2, Best Score: 0.098
Classification Report:
               precision    recall  f1-score   support

      growth       0.82      1.00      0.90        37
       crash       1.00      0.91      0.95        87

    accuracy                           0.94       124
   macro avg       0.91      0.95      0.93       124
weighted avg       0.95      0.94      0.94       124

Prediction period: 2016-07-01 00:00:00 to 2016-12-31 00:00:00
Best jump penalty: 10.0, Best reg_alpha: 0.2, Best Score: 0.111
Classification Report:
               precision    recall  f1-score   support

      growth       0.00      0.00      0.00        34
       crash       0.71      0.93      0.81        90

    accuracy                           0.68       124
   macro avg       0.36      0.47      0.40       124
weighted avg       0.52      0.68      0.59       124

Prediction period: 2017-01-01 00:00:00 to 2017-06-30 00:00:00
Best jump penalty: 10.0, Best reg_alpha: 0.2, Best Score: 0.080
Classification Report:
               precision    recall  f1-score   support

      growth       0.00      0.00      0.00        73
       crash       0.41      1.00      0.58        51

    accuracy                           0.41       124
   macro avg       0.21      0.50      0.29       124
weighted avg       0.17      0.41      0.24       124

Prediction period: 2017-07-01 00:00:00 to 2017-12-31 00:00:00
Best jump penalty: 10.0, Best reg_alpha: 0.2, Best Score: 0.101
Classification Report:
               precision    recall  f1-score   support

      growth       0.00      0.00      0.00        63
       crash       0.49      1.00      0.66        61

    accuracy                           0.49       124
   macro avg       0.25      0.50      0.33       124
weighted avg       0.24      0.49      0.32       124

Prediction period: 2018-01-01 00:00:00 to 2018-06-30 00:00:00
Best jump penalty: 316.2277660168379, Best reg_alpha: 0.2, Best Score: 0.110
Classification Report:
               precision    recall  f1-score   support

      growth       0.00      0.00      0.00        85
       crash       0.32      1.00      0.48        40

    accuracy                           0.32       125
   macro avg       0.16      0.50      0.24       125
weighted avg       0.10      0.32      0.16       125

Prediction period: 2018-07-01 00:00:00 to 2018-12-31 00:00:00
Best jump penalty: 316.2277660168379, Best reg_alpha: 0.2, Best Score: 0.076
Classification Report:
               precision    recall  f1-score   support

      growth       1.00      0.93      0.96        27
       crash       0.98      1.00      0.99        97

    accuracy                           0.98       124
   macro avg       0.99      0.96      0.98       124
weighted avg       0.98      0.98      0.98       124

Prediction period: 2019-01-01 00:00:00 to 2019-06-30 00:00:00
Best jump penalty: 316.2277660168379, Best reg_alpha: 0.2, Best Score: 0.052
Classification Report:
               precision    recall  f1-score   support

      growth       0.40      0.69      0.51        39
       crash       0.79      0.52      0.63        84

    accuracy                           0.58       123
   macro avg       0.59      0.61      0.57       123
weighted avg       0.66      0.58      0.59       123

Prediction period: 2019-07-01 00:00:00 to 2019-12-31 00:00:00
Best jump penalty: 56.23413251903491, Best reg_alpha: 0.2, Best Score: 0.046
Classification Report:
               precision    recall  f1-score   support

      growth       0.83      0.73      0.77        59
       crash       0.78      0.87      0.82        67

    accuracy                           0.80       126
   macro avg       0.81      0.80      0.80       126
weighted avg       0.80      0.80      0.80       126

Prediction period: 2020-01-01 00:00:00 to 2020-06-30 00:00:00
Best jump penalty: 56.23413251903491, Best reg_alpha: 0.2, Best Score: 0.030
Classification Report:
               precision    recall  f1-score   support

      growth       0.35      1.00      0.52        28
       crash       1.00      0.47      0.64        96

    accuracy                           0.59       124
   macro avg       0.68      0.73      0.58       124
weighted avg       0.85      0.59      0.61       124

Prediction period: 2020-07-01 00:00:00 to 2020-12-31 00:00:00
Best jump penalty: 316.2277660168379, Best reg_alpha: 0.2, Best Score: 0.043
Classification Report:
               precision    recall  f1-score   support

      growth       1.00      0.28      0.43        69
       crash       0.53      1.00      0.69        56

    accuracy                           0.60       125
   macro avg       0.76      0.64      0.56       125
weighted avg       0.79      0.60      0.55       125

Prediction period: 2021-01-01 00:00:00 to 2021-06-30 00:00:00
Best jump penalty: 56.23413251903491, Best reg_alpha: 0.2, Best Score: 0.041
Classification Report:
               precision    recall  f1-score   support

      growth       0.00      0.00      0.00        58
       crash       0.54      1.00      0.70        67

    accuracy                           0.54       125
   macro avg       0.27      0.50      0.35       125
weighted avg       0.29      0.54      0.37       125

Prediction period: 2021-07-01 00:00:00 to 2021-12-31 00:00:00
Best jump penalty: 10.0, Best reg_alpha: 0.2, Best Score: 0.062
Classification Report:
               precision    recall  f1-score   support

      growth       1.00      0.07      0.12        60
       crash       0.54      1.00      0.70        65

    accuracy                           0.55       125
   macro avg       0.77      0.53      0.41       125
weighted avg       0.76      0.55      0.42       125

Prediction period: 2022-01-01 00:00:00 to 2022-06-30 00:00:00
Best jump penalty: 316.2277660168379, Best reg_alpha: 0.2, Best Score: 0.044
Classification Report:
               precision    recall  f1-score   support

      growth       1.00      0.03      0.05        74
       crash       0.40      1.00      0.58        49

    accuracy                           0.41       123
   macro avg       0.70      0.51      0.31       123
weighted avg       0.76      0.41      0.26       123

Prediction period: 2022-07-01 00:00:00 to 2022-12-31 00:00:00
Best jump penalty: 316.2277660168379, Best reg_alpha: 0.2, Best Score: 0.023
Classification Report:
               precision    recall  f1-score   support

      growth       0.25      1.00      0.40        23
       crash       1.00      0.33      0.49       101

    accuracy                           0.45       124
   macro avg       0.63      0.66      0.45       124
weighted avg       0.86      0.45      0.48       124

Prediction period: 2023-01-01 00:00:00 to 2023-06-30 00:00:00
Best jump penalty: 316.2277660168379, Best reg_alpha: 0.2, Best Score: 0.036
Classification Report:
               precision    recall  f1-score   support

      growth       0.42      0.96      0.58        49
       crash       0.82      0.12      0.21        75

    accuracy                           0.45       124
   macro avg       0.62      0.54      0.39       124
weighted avg       0.66      0.45      0.36       124

Prediction period: 2023-07-01 00:00:00 to 2023-12-31 00:00:00
Best jump penalty: 56.23413251903491, Best reg_alpha: 0.2, Best Score: 0.024
Classification Report:
               precision    recall  f1-score   support

      growth       0.00      0.00      0.00        33
       crash       0.74      1.00      0.85        92

    accuracy                           0.74       125
   macro avg       0.37      0.50      0.42       125
weighted avg       0.54      0.74      0.62       125

Prediction period: 2024-01-01 00:00:00 to 2024-06-30 00:00:00
Best jump penalty: 56.23413251903491, Best reg_alpha: 0.2, Best Score: 0.029
Classification Report:
               precision    recall  f1-score   support

      growth       0.00      0.00      0.00        49
       crash       0.62      1.00      0.76        79

    accuracy                           0.62       128
   macro avg       0.31      0.50      0.38       128
weighted avg       0.38      0.62      0.47       128

Prediction period: 2024-07-01 00:00:00 to 2024-12-31 00:00:00
Best jump penalty: 10.0, Best reg_alpha: 0.2, Best Score: 0.019
Classification Report:
               precision    recall  f1-score   support

      growth       1.00      0.10      0.18        79
       crash       0.42      1.00      0.59        52

    accuracy                           0.46       131
   macro avg       0.71      0.55      0.39       131
weighted avg       0.77      0.46      0.35       131

   annual_return  annual_vol    sharpe  ...   cvar_99    calmar  information_ratio
0       0.043122    0.050049  0.861597  ... -0.013116  0.200008           0.661127

[1 rows x 8 columns]
   annual_return  annual_vol    sharpe  ...   cvar_99    calmar  information_ratio
0       0.015967    0.073748  0.216502  ... -0.014961  0.054052           0.107515

[1 rows x 8 columns]
   annual_return  annual_vol   sharpe  ...   cvar_99    calmar  information_ratio
0       0.047906    0.047414  1.01038  ... -0.014647  0.230056           0.622017

[1 rows x 8 columns]
   annual_return  annual_vol    sharpe  ...   cvar_99    calmar  information_ratio
0       0.011909    0.043135  0.276085  ... -0.010021  0.053233                NaN

[1 rows x 8 columns]
[Full loop] 2024-07-01～2024-12-31 total 1319.9s
Prediction period: 2010-01-01 00:00:00 to 2010-06-30 00:00:00
Best jump penalty: 56.23413251903491, Best reg_alpha: 0.2, Best Score: 0.107
Classification Report:
               precision    recall  f1-score   support

      growth       1.00      0.36      0.53        42
       crash       0.75      1.00      0.86        83

    accuracy                           0.78       125
   macro avg       0.88      0.68      0.69       125
weighted avg       0.84      0.78      0.75       125

Prediction period: 2010-07-01 00:00:00 to 2010-12-31 00:00:00
Best jump penalty: 10.0, Best reg_alpha: 0.2, Best Score: 0.089
Classification Report:
               precision    recall  f1-score   support

      growth       0.00      0.00      0.00        74
       crash       0.41      1.00      0.58        51

    accuracy                           0.41       125
   macro avg       0.20      0.50      0.29       125
weighted avg       0.17      0.41      0.24       125

Prediction period: 2011-01-01 00:00:00 to 2011-06-30 00:00:00
Best jump penalty: 56.23413251903491, Best reg_alpha: 0.2, Best Score: 0.110
Classification Report:
               precision    recall  f1-score   support

      growth       0.00      0.00      0.00        49
       crash       0.60      1.00      0.75        75

    accuracy                           0.60       124
   macro avg       0.30      0.50      0.38       124
weighted avg       0.37      0.60      0.46       124

Prediction period: 2011-07-01 00:00:00 to 2011-12-31 00:00:00
Best jump penalty: 56.23413251903491, Best reg_alpha: 0.2, Best Score: 0.116
Classification Report:
               precision    recall  f1-score   support

      growth       0.82      0.87      0.84        46
       crash       0.92      0.88      0.90        78

    accuracy                           0.88       124
   macro avg       0.87      0.88      0.87       124
weighted avg       0.88      0.88      0.88       124

Prediction period: 2012-01-01 00:00:00 to 2012-06-30 00:00:00
Best jump penalty: 10.0, Best reg_alpha: 0.2, Best Score: 0.116
Classification Report:
               precision    recall  f1-score   support

      growth       1.00      0.15      0.26        59
       crash       0.57      1.00      0.73        66

    accuracy                           0.60       125
   macro avg       0.78      0.58      0.49       125
weighted avg       0.77      0.60      0.51       125

Prediction period: 2012-07-01 00:00:00 to 2012-12-31 00:00:00
Best jump penalty: 56.23413251903491, Best reg_alpha: 0.2, Best Score: 0.100
Classification Report:
               precision    recall  f1-score   support

      growth       0.00      0.00      0.00        40
       crash       0.67      1.00      0.81        83

    accuracy                           0.67       123
   macro avg       0.34      0.50      0.40       123
weighted avg       0.46      0.67      0.54       123

Prediction period: 2013-01-01 00:00:00 to 2013-06-30 00:00:00
Best jump penalty: 316.2277660168379, Best reg_alpha: 0.2, Best Score: 0.100
Classification Report:
               precision    recall  f1-score   support

      growth       0.00      0.00      0.00        32
       crash       0.74      1.00      0.85        92

    accuracy                           0.74       124
   macro avg       0.37      0.50      0.43       124
weighted avg       0.55      0.74      0.63       124

Prediction period: 2013-07-01 00:00:00 to 2013-12-31 00:00:00
Best jump penalty: 56.23413251903491, Best reg_alpha: 0.2, Best Score: 0.096
Classification Report:
               precision    recall  f1-score   support

      growth       0.00      0.00      0.00        71
       crash       0.43      1.00      0.60        54

    accuracy                           0.43       125
   macro avg       0.22      0.50      0.30       125
weighted avg       0.19      0.43      0.26       125

Prediction period: 2014-01-01 00:00:00 to 2014-06-30 00:00:00
Best jump penalty: 10.0, Best reg_alpha: 0.2, Best Score: 0.104
Classification Report:
               precision    recall  f1-score   support

      growth       0.00      0.00      0.00        56
       crash       0.54      1.00      0.71        67

    accuracy                           0.54       123
   macro avg       0.27      0.50      0.35       123
weighted avg       0.30      0.54      0.38       123

Prediction period: 2014-07-01 00:00:00 to 2014-12-31 00:00:00
Best jump penalty: 316.2277660168379, Best reg_alpha: 0.2, Best Score: 0.124
Classification Report:
               precision    recall  f1-score   support

      growth       1.00      0.05      0.09        64
       crash       0.50      1.00      0.67        61

    accuracy                           0.51       125
   macro avg       0.75      0.52      0.38       125
weighted avg       0.76      0.51      0.37       125

Prediction period: 2015-01-01 00:00:00 to 2015-06-30 00:00:00
Best jump penalty: 316.2277660168379, Best reg_alpha: 0.2, Best Score: 0.109
Classification Report:
               precision    recall  f1-score   support

      growth       0.00      0.00      0.00        22
       crash       0.82      1.00      0.90       102

    accuracy                           0.82       124
   macro avg       0.41      0.50      0.45       124
weighted avg       0.68      0.82      0.74       124

Prediction period: 2015-07-01 00:00:00 to 2015-12-31 00:00:00
Best jump penalty: 10.0, Best reg_alpha: 0.2, Best Score: 0.106
Classification Report:
               precision    recall  f1-score   support

      growth       0.56      0.80      0.66        49
       crash       0.82      0.59      0.69        76

    accuracy                           0.67       125
   macro avg       0.69      0.69      0.67       125
weighted avg       0.72      0.67      0.67       125

Prediction period: 2016-01-01 00:00:00 to 2016-06-30 00:00:00
Best jump penalty: 56.23413251903491, Best reg_alpha: 0.2, Best Score: 0.085
Classification Report:
               precision    recall  f1-score   support

      growth       0.76      1.00      0.86        34
       crash       1.00      0.88      0.93        90

    accuracy                           0.91       124
   macro avg       0.88      0.94      0.90       124
weighted avg       0.93      0.91      0.91       124

Prediction period: 2016-07-01 00:00:00 to 2016-12-31 00:00:00
Best jump penalty: 10.0, Best reg_alpha: 0.2, Best Score: 0.106
Classification Report:
               precision    recall  f1-score   support

      growth       0.00      0.00      0.00        35
       crash       0.72      1.00      0.84        89

    accuracy                           0.72       124
   macro avg       0.36      0.50      0.42       124
weighted avg       0.52      0.72      0.60       124

Prediction period: 2017-01-01 00:00:00 to 2017-06-30 00:00:00
Best jump penalty: 316.2277660168379, Best reg_alpha: 0.2, Best Score: 0.097
Classification Report:
               precision    recall  f1-score   support

      growth       0.00      0.00      0.00        75
       crash       0.40      1.00      0.57        49

    accuracy                           0.40       124
   macro avg       0.20      0.50      0.28       124
weighted avg       0.16      0.40      0.22       124

Prediction period: 2017-07-01 00:00:00 to 2017-12-31 00:00:00
Best jump penalty: 10.0, Best reg_alpha: 0.2, Best Score: 0.111
Classification Report:
               precision    recall  f1-score   support

      growth       0.00      0.00      0.00        61
       crash       0.51      1.00      0.67        63

    accuracy                           0.51       124
   macro avg       0.25      0.50      0.34       124
weighted avg       0.26      0.51      0.34       124

Prediction period: 2018-01-01 00:00:00 to 2018-06-30 00:00:00
Best jump penalty: 56.23413251903491, Best reg_alpha: 0.2, Best Score: 0.126
Classification Report:
               precision    recall  f1-score   support

      growth       0.00      0.00      0.00        85
       crash       0.32      1.00      0.48        40

    accuracy                           0.32       125
   macro avg       0.16      0.50      0.24       125
weighted avg       0.10      0.32      0.16       125

Prediction period: 2018-07-01 00:00:00 to 2018-12-31 00:00:00
Best jump penalty: 10.0, Best reg_alpha: 0.2, Best Score: 0.105
Classification Report:
               precision    recall  f1-score   support

      growth       1.00      0.90      0.95        29
       crash       0.97      1.00      0.98        95

    accuracy                           0.98       124
   macro avg       0.98      0.95      0.96       124
weighted avg       0.98      0.98      0.98       124

Prediction period: 2019-01-01 00:00:00 to 2019-06-30 00:00:00
Best jump penalty: 10.0, Best reg_alpha: 0.2, Best Score: 0.072
Classification Report:
               precision    recall  f1-score   support

      growth       0.68      0.41      0.51        46
       crash       0.72      0.88      0.79        77

    accuracy                           0.71       123
   macro avg       0.70      0.65      0.65       123
weighted avg       0.70      0.71      0.69       123

Prediction period: 2019-07-01 00:00:00 to 2019-12-31 00:00:00
Best jump penalty: 316.2277660168379, Best reg_alpha: 0.2, Best Score: 0.070
Classification Report:
               precision    recall  f1-score   support

      growth       0.70      0.44      0.54        48
       crash       0.72      0.88      0.79        78

    accuracy                           0.71       126
   macro avg       0.71      0.66      0.67       126
weighted avg       0.71      0.71      0.70       126

Prediction period: 2020-01-01 00:00:00 to 2020-06-30 00:00:00
Best jump penalty: 10.0, Best reg_alpha: 0.2, Best Score: 0.040
Classification Report:
               precision    recall  f1-score   support

      growth       0.31      1.00      0.47        29
       crash       1.00      0.31      0.47        95

    accuracy                           0.47       124
   macro avg       0.65      0.65      0.47       124
weighted avg       0.84      0.47      0.47       124

Prediction period: 2020-07-01 00:00:00 to 2020-12-31 00:00:00
Best jump penalty: 56.23413251903491, Best reg_alpha: 0.2, Best Score: 0.051
Classification Report:
               precision    recall  f1-score   support

      growth       0.00      0.00      0.00        66
       crash       0.47      1.00      0.64        59

    accuracy                           0.47       125
   macro avg       0.24      0.50      0.32       125
weighted avg       0.22      0.47      0.30       125

Prediction period: 2021-01-01 00:00:00 to 2021-06-30 00:00:00
Best jump penalty: 10.0, Best reg_alpha: 0.2, Best Score: 0.050
Classification Report:
               precision    recall  f1-score   support

      growth       0.00      0.00      0.00        57
       crash       0.54      1.00      0.70        68

    accuracy                           0.54       125
   macro avg       0.27      0.50      0.35       125
weighted avg       0.30      0.54      0.38       125

Prediction period: 2021-07-01 00:00:00 to 2021-12-31 00:00:00
Best jump penalty: 56.23413251903491, Best reg_alpha: 0.2, Best Score: 0.061
Classification Report:
               precision    recall  f1-score   support

      growth       1.00      0.03      0.06        65
       crash       0.49      1.00      0.66        60

    accuracy                           0.50       125
   macro avg       0.74      0.52      0.36       125
weighted avg       0.75      0.50      0.35       125

Prediction period: 2022-01-01 00:00:00 to 2022-06-30 00:00:00
Best jump penalty: 10.0, Best reg_alpha: 0.2, Best Score: 0.053
Classification Report:
               precision    recall  f1-score   support

      growth       1.00      0.05      0.09        63
       crash       0.50      1.00      0.67        60

    accuracy                           0.51       123
   macro avg       0.75      0.52      0.38       123
weighted avg       0.76      0.51      0.37       123

Prediction period: 2022-07-01 00:00:00 to 2022-12-31 00:00:00
Best jump penalty: 10.0, Best reg_alpha: 0.2, Best Score: 0.035
Classification Report:
               precision    recall  f1-score   support

      growth       1.00      0.28      0.44        46
       crash       0.70      1.00      0.83        78

    accuracy                           0.73       124
   macro avg       0.85      0.64      0.63       124
weighted avg       0.81      0.73      0.68       124

Prediction period: 2023-01-01 00:00:00 to 2023-06-30 00:00:00
Best jump penalty: 10.0, Best reg_alpha: 0.2, Best Score: 0.032
Classification Report:
               precision    recall  f1-score   support

      growth       1.00      0.18      0.31        49
       crash       0.65      1.00      0.79        75

    accuracy                           0.68       124
   macro avg       0.83      0.59      0.55       124
weighted avg       0.79      0.68      0.60       124

Prediction period: 2023-07-01 00:00:00 to 2023-12-31 00:00:00
Best jump penalty: 10.0, Best reg_alpha: 0.2, Best Score: 0.047
Classification Report:
               precision    recall  f1-score   support

      growth       0.00      0.00      0.00        32
       crash       0.74      1.00      0.85        93

    accuracy                           0.74       125
   macro avg       0.37      0.50      0.43       125
weighted avg       0.55      0.74      0.63       125

Prediction period: 2024-01-01 00:00:00 to 2024-06-30 00:00:00
Best jump penalty: 316.2277660168379, Best reg_alpha: 0.2, Best Score: 0.036
Classification Report:
               precision    recall  f1-score   support

      growth       0.00      0.00      0.00        36
       crash       0.72      1.00      0.84        92

    accuracy                           0.72       128
   macro avg       0.36      0.50      0.42       128
weighted avg       0.52      0.72      0.60       128

Prediction period: 2024-07-01 00:00:00 to 2024-12-31 00:00:00
Best jump penalty: 10.0, Best reg_alpha: 0.2, Best Score: 0.023
Classification Report:
               precision    recall  f1-score   support

      growth       1.00      0.14      0.24        66
       crash       0.53      1.00      0.70        65

    accuracy                           0.56       131
   macro avg       0.77      0.57      0.47       131
weighted avg       0.77      0.56      0.47       131

   annual_return  annual_vol    sharpe  ...   cvar_99    calmar  information_ratio
0       0.055366    0.046567  1.188954  ... -0.012126  0.302357           0.885554

[1 rows x 8 columns]
   annual_return  annual_vol    sharpe  ...   cvar_99    calmar  information_ratio
0       0.015967    0.073748  0.216502  ... -0.014961  0.054052           0.107515

[1 rows x 8 columns]
   annual_return  annual_vol   sharpe  ...   cvar_99    calmar  information_ratio
0       0.047906    0.047414  1.01038  ... -0.014647  0.230056           0.622017

[1 rows x 8 columns]
   annual_return  annual_vol    sharpe  ...   cvar_99    calmar  information_ratio
0       0.011909    0.043135  0.276085  ... -0.010021  0.053233                NaN

[1 rows x 8 columns]
[Full loop] 2024-07-01～2024-12-31 total 1342.7s
Prediction period: 2010-01-01 00:00:00 to 2010-06-30 00:00:00
Best jump penalty: 56.23413251903491, Best reg_alpha: 0.2, Best Score: 0.125
Classification Report:
               precision    recall  f1-score   support

      growth       1.00      0.56      0.72        41
       crash       0.82      1.00      0.90        84

    accuracy                           0.86       125
   macro avg       0.91      0.78      0.81       125
weighted avg       0.88      0.86      0.84       125

Prediction period: 2010-07-01 00:00:00 to 2010-12-31 00:00:00
Best jump penalty: 56.23413251903491, Best reg_alpha: 0.2, Best Score: 0.088
Classification Report:
               precision    recall  f1-score   support

      growth       0.00      0.00      0.00        21
       crash       0.83      0.98      0.90       104

    accuracy                           0.82       125
   macro avg       0.41      0.49      0.45       125
weighted avg       0.69      0.82      0.75       125

Prediction period: 2011-01-01 00:00:00 to 2011-06-30 00:00:00
Best jump penalty: 56.23413251903491, Best reg_alpha: 0.2, Best Score: 0.114
Classification Report:
               precision    recall  f1-score   support

      growth       0.00      0.00      0.00        49
       crash       0.60      1.00      0.75        75

    accuracy                           0.60       124
   macro avg       0.30      0.50      0.38       124
weighted avg       0.37      0.60      0.46       124

Prediction period: 2011-07-01 00:00:00 to 2011-12-31 00:00:00
Best jump penalty: 10.0, Best reg_alpha: 0.2, Best Score: 0.107
Classification Report:
               precision    recall  f1-score   support

      growth       0.76      0.94      0.84        47
       crash       0.95      0.82      0.88        77

    accuracy                           0.86       124
   macro avg       0.86      0.88      0.86       124
weighted avg       0.88      0.86      0.86       124

Prediction period: 2012-01-01 00:00:00 to 2012-06-30 00:00:00
Best jump penalty: 10.0, Best reg_alpha: 0.2, Best Score: 0.114
Classification Report:
               precision    recall  f1-score   support

      growth       1.00      0.37      0.54        59
       crash       0.64      1.00      0.78        66

    accuracy                           0.70       125
   macro avg       0.82      0.69      0.66       125
weighted avg       0.81      0.70      0.67       125

Prediction period: 2012-07-01 00:00:00 to 2012-12-31 00:00:00
Best jump penalty: 56.23413251903491, Best reg_alpha: 0.2, Best Score: 0.093
Classification Report:
               precision    recall  f1-score   support

      growth       0.00      0.00      0.00        41
       crash       0.67      1.00      0.80        82

    accuracy                           0.67       123
   macro avg       0.33      0.50      0.40       123
weighted avg       0.44      0.67      0.53       123

Prediction period: 2013-01-01 00:00:00 to 2013-06-30 00:00:00
Best jump penalty: 10.0, Best reg_alpha: 0.2, Best Score: 0.106
Classification Report:
               precision    recall  f1-score   support

      growth       0.00      0.00      0.00        51
       crash       0.59      1.00      0.74        73

    accuracy                           0.59       124
   macro avg       0.29      0.50      0.37       124
weighted avg       0.35      0.59      0.44       124

Prediction period: 2013-07-01 00:00:00 to 2013-12-31 00:00:00
Best jump penalty: 316.2277660168379, Best reg_alpha: 0.2, Best Score: 0.094
Classification Report:
               precision    recall  f1-score   support

      growth       0.00      0.00      0.00        70
       crash       0.44      1.00      0.61        55

    accuracy                           0.44       125
   macro avg       0.22      0.50      0.31       125
weighted avg       0.19      0.44      0.27       125

Prediction period: 2014-01-01 00:00:00 to 2014-06-30 00:00:00
Best jump penalty: 10.0, Best reg_alpha: 0.2, Best Score: 0.100
Classification Report:
               precision    recall  f1-score   support

      growth       0.00      0.00      0.00        45
       crash       0.63      1.00      0.78        78

    accuracy                           0.63       123
   macro avg       0.32      0.50      0.39       123
weighted avg       0.40      0.63      0.49       123

Prediction period: 2014-07-01 00:00:00 to 2014-12-31 00:00:00
Best jump penalty: 316.2277660168379, Best reg_alpha: 0.2, Best Score: 0.123
Classification Report:
               precision    recall  f1-score   support

      growth       1.00      0.33      0.50        60
       crash       0.62      1.00      0.76        65

    accuracy                           0.68       125
   macro avg       0.81      0.67      0.63       125
weighted avg       0.80      0.68      0.64       125

Prediction period: 2015-01-01 00:00:00 to 2015-06-30 00:00:00
Best jump penalty: 56.23413251903491, Best reg_alpha: 0.2, Best Score: 0.102
Classification Report:
               precision    recall  f1-score   support

      growth       0.79      1.00      0.88        22
       crash       1.00      0.94      0.97       102

    accuracy                           0.95       124
   macro avg       0.89      0.97      0.92       124
weighted avg       0.96      0.95      0.95       124

Prediction period: 2015-07-01 00:00:00 to 2015-12-31 00:00:00
Best jump penalty: 56.23413251903491, Best reg_alpha: 0.2, Best Score: 0.107
Classification Report:
               precision    recall  f1-score   support

      growth       0.48      0.49      0.49        55
       crash       0.59      0.59      0.59        70

    accuracy                           0.54       125
   macro avg       0.54      0.54      0.54       125
weighted avg       0.54      0.54      0.54       125

Prediction period: 2016-01-01 00:00:00 to 2016-06-30 00:00:00
Best jump penalty: 10.0, Best reg_alpha: 0.2, Best Score: 0.105
Classification Report:
               precision    recall  f1-score   support

      growth       0.86      1.00      0.93        37
       crash       1.00      0.93      0.96        87

    accuracy                           0.95       124
   macro avg       0.93      0.97      0.94       124
weighted avg       0.96      0.95      0.95       124

Prediction period: 2016-07-01 00:00:00 to 2016-12-31 00:00:00
Best jump penalty: 10.0, Best reg_alpha: 0.2, Best Score: 0.097
Classification Report:
               precision    recall  f1-score   support

      growth       0.00      0.00      0.00        35
       crash       0.72      1.00      0.84        89

    accuracy                           0.72       124
   macro avg       0.36      0.50      0.42       124
weighted avg       0.52      0.72      0.60       124

Prediction period: 2017-01-01 00:00:00 to 2017-06-30 00:00:00
Best jump penalty: 56.23413251903491, Best reg_alpha: 0.2, Best Score: 0.087
Classification Report:
               precision    recall  f1-score   support

      growth       0.00      0.00      0.00        75
       crash       0.40      1.00      0.57        49

    accuracy                           0.40       124
   macro avg       0.20      0.50      0.28       124
weighted avg       0.16      0.40      0.22       124

Prediction period: 2017-07-01 00:00:00 to 2017-12-31 00:00:00
Best jump penalty: 10.0, Best reg_alpha: 0.2, Best Score: 0.094
Classification Report:
               precision    recall  f1-score   support

      growth       0.00      0.00      0.00        61
       crash       0.51      1.00      0.67        63

    accuracy                           0.51       124
   macro avg       0.25      0.50      0.34       124
weighted avg       0.26      0.51      0.34       124

Prediction period: 2018-01-01 00:00:00 to 2018-06-30 00:00:00
Best jump penalty: 10.0, Best reg_alpha: 0.2, Best Score: 0.118
Classification Report:
               precision    recall  f1-score   support

      growth       0.00      0.00      0.00        35
       crash       0.72      1.00      0.84        90

    accuracy                           0.72       125
   macro avg       0.36      0.50      0.42       125
weighted avg       0.52      0.72      0.60       125

Prediction period: 2018-07-01 00:00:00 to 2018-12-31 00:00:00
Best jump penalty: 10.0, Best reg_alpha: 0.2, Best Score: 0.107
Classification Report:
               precision    recall  f1-score   support

      growth       1.00      0.90      0.95        29
       crash       0.97      1.00      0.98        95

    accuracy                           0.98       124
   macro avg       0.98      0.95      0.96       124
weighted avg       0.98      0.98      0.98       124

Prediction period: 2019-01-01 00:00:00 to 2019-06-30 00:00:00
Best jump penalty: 10.0, Best reg_alpha: 0.2, Best Score: 0.075
Classification Report:
               precision    recall  f1-score   support

      growth       0.79      0.52      0.63        44
       crash       0.78      0.92      0.84        79

    accuracy                           0.78       123
   macro avg       0.78      0.72      0.74       123
weighted avg       0.78      0.78      0.77       123

Prediction period: 2019-07-01 00:00:00 to 2019-12-31 00:00:00
Best jump penalty: 56.23413251903491, Best reg_alpha: 0.2, Best Score: 0.071
Classification Report:
               precision    recall  f1-score   support

      growth       0.82      0.48      0.61        56
       crash       0.69      0.91      0.79        70

    accuracy                           0.72       126
   macro avg       0.75      0.70      0.70       126
weighted avg       0.75      0.72      0.71       126

Prediction period: 2020-01-01 00:00:00 to 2020-06-30 00:00:00
Best jump penalty: 56.23413251903491, Best reg_alpha: 0.2, Best Score: 0.033
Classification Report:
               precision    recall  f1-score   support

      growth       0.42      1.00      0.59        30
       crash       1.00      0.55      0.71        94

    accuracy                           0.66       124
   macro avg       0.71      0.78      0.65       124
weighted avg       0.86      0.66      0.68       124

Prediction period: 2020-07-01 00:00:00 to 2020-12-31 00:00:00
Best jump penalty: 56.23413251903491, Best reg_alpha: 0.2, Best Score: 0.052
Classification Report:
               precision    recall  f1-score   support

      growth       0.00      0.00      0.00        66
       crash       0.47      1.00      0.64        59

    accuracy                           0.47       125
   macro avg       0.24      0.50      0.32       125
weighted avg       0.22      0.47      0.30       125

Prediction period: 2021-01-01 00:00:00 to 2021-06-30 00:00:00
Best jump penalty: 316.2277660168379, Best reg_alpha: 0.2, Best Score: 0.045
Classification Report:
               precision    recall  f1-score   support

      growth       0.00      0.00      0.00        58
       crash       0.54      1.00      0.70        67

    accuracy                           0.54       125
   macro avg       0.27      0.50      0.35       125
weighted avg       0.29      0.54      0.37       125

Prediction period: 2021-07-01 00:00:00 to 2021-12-31 00:00:00
Best jump penalty: 10.0, Best reg_alpha: 0.2, Best Score: 0.062
Classification Report:
               precision    recall  f1-score   support

      growth       1.00      0.07      0.14        54
       crash       0.59      1.00      0.74        71

    accuracy                           0.60       125
   macro avg       0.79      0.54      0.44       125
weighted avg       0.77      0.60      0.48       125

Prediction period: 2022-01-01 00:00:00 to 2022-06-30 00:00:00
Best jump penalty: 10.0, Best reg_alpha: 0.2, Best Score: 0.046
Classification Report:
               precision    recall  f1-score   support

      growth       1.00      0.10      0.18        60
       crash       0.54      1.00      0.70        63

    accuracy                           0.56       123
   macro avg       0.77      0.55      0.44       123
weighted avg       0.76      0.56      0.45       123

Prediction period: 2022-07-01 00:00:00 to 2022-12-31 00:00:00
Best jump penalty: 10.0, Best reg_alpha: 0.2, Best Score: 0.028
Classification Report:
               precision    recall  f1-score   support

      growth       1.00      0.60      0.75        20
       crash       0.93      1.00      0.96       104

    accuracy                           0.94       124
   macro avg       0.96      0.80      0.86       124
weighted avg       0.94      0.94      0.93       124

Prediction period: 2023-01-01 00:00:00 to 2023-06-30 00:00:00
Best jump penalty: 10.0, Best reg_alpha: 0.2, Best Score: 0.032
Classification Report:
               precision    recall  f1-score   support

      growth       1.00      0.21      0.35        42
       crash       0.71      1.00      0.83        82

    accuracy                           0.73       124
   macro avg       0.86      0.61      0.59       124
weighted avg       0.81      0.73      0.67       124

Prediction period: 2023-07-01 00:00:00 to 2023-12-31 00:00:00
Best jump penalty: 56.23413251903491, Best reg_alpha: 0.2, Best Score: 0.046
Classification Report:
               precision    recall  f1-score   support

      growth       0.00      0.00      0.00        33
       crash       0.74      1.00      0.85        92

    accuracy                           0.74       125
   macro avg       0.37      0.50      0.42       125
weighted avg       0.54      0.74      0.62       125

Prediction period: 2024-01-01 00:00:00 to 2024-06-30 00:00:00
Best jump penalty: 10.0, Best reg_alpha: 0.2, Best Score: 0.031
Classification Report:
               precision    recall  f1-score   support

      growth       0.00      0.00      0.00        50
       crash       0.61      1.00      0.76        78

    accuracy                           0.61       128
   macro avg       0.30      0.50      0.38       128
weighted avg       0.37      0.61      0.46       128

Prediction period: 2024-07-01 00:00:00 to 2024-12-31 00:00:00
Best jump penalty: 10.0, Best reg_alpha: 0.2, Best Score: 0.030
Classification Report:
               precision    recall  f1-score   support

      growth       0.00      0.00      0.00        67
       crash       0.49      1.00      0.66        64

    accuracy                           0.49       131
   macro avg       0.24      0.50      0.33       131
weighted avg       0.24      0.49      0.32       131

   annual_return  annual_vol    sharpe  ...   cvar_99    calmar  information_ratio
0       0.059937    0.047423  1.263883  ... -0.012026  0.330255           0.981626

[1 rows x 8 columns]
   annual_return  annual_vol    sharpe  ...   cvar_99    calmar  information_ratio
0       0.015967    0.073748  0.216502  ... -0.014961  0.054052           0.107515

[1 rows x 8 columns]
   annual_return  annual_vol   sharpe  ...   cvar_99    calmar  information_ratio
0       0.047906    0.047414  1.01038  ... -0.014647  0.230056           0.622017

[1 rows x 8 columns]
   annual_return  annual_vol    sharpe  ...   cvar_99    calmar  information_ratio
0       0.011909    0.043135  0.276085  ... -0.010021  0.053233                NaN

[1 rows x 8 columns]
[Full loop] 2024-07-01～2024-12-31 total 1295.1s
Prediction period: 2010-01-01 00:00:00 to 2010-06-30 00:00:00
Best jump penalty: 56.23413251903491, Best reg_alpha: 0.2, Best Score: 0.125
Classification Report:
               precision    recall  f1-score   support

      growth       1.00      0.56      0.72        41
       crash       0.82      1.00      0.90        84

    accuracy                           0.86       125
   macro avg       0.91      0.78      0.81       125
weighted avg       0.88      0.86      0.84       125

Prediction period: 2010-07-01 00:00:00 to 2010-12-31 00:00:00
Best jump penalty: 56.23413251903491, Best reg_alpha: 0.2, Best Score: 0.096
Classification Report:
               precision    recall  f1-score   support

      growth       0.00      0.00      0.00        21
       crash       0.82      0.89      0.85       104

    accuracy                           0.74       125
   macro avg       0.41      0.45      0.43       125
weighted avg       0.68      0.74      0.71       125

Prediction period: 2011-01-01 00:00:00 to 2011-06-30 00:00:00
Best jump penalty: 316.2277660168379, Best reg_alpha: 0.2, Best Score: 0.108
Classification Report:
               precision    recall  f1-score   support

      growth       0.00      0.00      0.00        47
       crash       0.62      1.00      0.77        77

    accuracy                           0.62       124
   macro avg       0.31      0.50      0.38       124
weighted avg       0.39      0.62      0.48       124

Prediction period: 2011-07-01 00:00:00 to 2011-12-31 00:00:00
Best jump penalty: 10.0, Best reg_alpha: 0.2, Best Score: 0.111
Classification Report:
               precision    recall  f1-score   support

      growth       0.77      0.98      0.86        47
       crash       0.98      0.82      0.89        77

    accuracy                           0.88       124
   macro avg       0.88      0.90      0.88       124
weighted avg       0.90      0.88      0.88       124

Prediction period: 2012-01-01 00:00:00 to 2012-06-30 00:00:00
Best jump penalty: 10.0, Best reg_alpha: 0.2, Best Score: 0.117
Classification Report:
               precision    recall  f1-score   support

      growth       1.00      0.27      0.43        59
       crash       0.61      1.00      0.75        66

    accuracy                           0.66       125
   macro avg       0.80      0.64      0.59       125
weighted avg       0.79      0.66      0.60       125

Prediction period: 2012-07-01 00:00:00 to 2012-12-31 00:00:00
Best jump penalty: 10.0, Best reg_alpha: 0.2, Best Score: 0.098
Classification Report:
               precision    recall  f1-score   support

      growth       0.00      0.00      0.00        65
       crash       0.47      1.00      0.64        58

    accuracy                           0.47       123
   macro avg       0.24      0.50      0.32       123
weighted avg       0.22      0.47      0.30       123

Prediction period: 2013-01-01 00:00:00 to 2013-06-30 00:00:00
Best jump penalty: 10.0, Best reg_alpha: 0.2, Best Score: 0.108
Classification Report:
               precision    recall  f1-score   support

      growth       0.00      0.00      0.00        51
       crash       0.59      1.00      0.74        73

    accuracy                           0.59       124
   macro avg       0.29      0.50      0.37       124
weighted avg       0.35      0.59      0.44       124

Prediction period: 2013-07-01 00:00:00 to 2013-12-31 00:00:00
Best jump penalty: 316.2277660168379, Best reg_alpha: 0.2, Best Score: 0.097
Classification Report:
               precision    recall  f1-score   support

      growth       0.00      0.00      0.00        70
       crash       0.44      1.00      0.61        55

    accuracy                           0.44       125
   macro avg       0.22      0.50      0.31       125
weighted avg       0.19      0.44      0.27       125

Prediction period: 2014-01-01 00:00:00 to 2014-06-30 00:00:00
Best jump penalty: 56.23413251903491, Best reg_alpha: 0.2, Best Score: 0.105
Classification Report:
               precision    recall  f1-score   support

      growth       0.00      0.00      0.00        67
       crash       0.46      1.00      0.63        56

    accuracy                           0.46       123
   macro avg       0.23      0.50      0.31       123
weighted avg       0.21      0.46      0.28       123

Prediction period: 2014-07-01 00:00:00 to 2014-12-31 00:00:00
Best jump penalty: 56.23413251903491, Best reg_alpha: 0.2, Best Score: 0.121
Classification Report:
               precision    recall  f1-score   support

      growth       0.86      0.53      0.66        36
       crash       0.83      0.97      0.90        89

    accuracy                           0.84       125
   macro avg       0.85      0.75      0.78       125
weighted avg       0.84      0.84      0.83       125

Prediction period: 2015-01-01 00:00:00 to 2015-06-30 00:00:00
Best jump penalty: 10.0, Best reg_alpha: 0.2, Best Score: 0.113
Classification Report:
               precision    recall  f1-score   support

      growth       0.81      1.00      0.90        22
       crash       1.00      0.95      0.97       102

    accuracy                           0.96       124
   macro avg       0.91      0.98      0.94       124
weighted avg       0.97      0.96      0.96       124

Prediction period: 2015-07-01 00:00:00 to 2015-12-31 00:00:00
Best jump penalty: 56.23413251903491, Best reg_alpha: 0.2, Best Score: 0.110
Classification Report:
               precision    recall  f1-score   support

      growth       0.53      0.60      0.56        55
       crash       0.65      0.59      0.62        70

    accuracy                           0.59       125
   macro avg       0.59      0.59      0.59       125
weighted avg       0.60      0.59      0.59       125

Prediction period: 2016-01-01 00:00:00 to 2016-06-30 00:00:00
Best jump penalty: 10.0, Best reg_alpha: 0.2, Best Score: 0.105
Classification Report:
               precision    recall  f1-score   support

      growth       0.86      1.00      0.93        37
       crash       1.00      0.93      0.96        87

    accuracy                           0.95       124
   macro avg       0.93      0.97      0.94       124
weighted avg       0.96      0.95      0.95       124

Prediction period: 2016-07-01 00:00:00 to 2016-12-31 00:00:00
Best jump penalty: 10.0, Best reg_alpha: 0.2, Best Score: 0.100
Classification Report:
               precision    recall  f1-score   support

      growth       0.00      0.00      0.00        35
       crash       0.72      1.00      0.84        89

    accuracy                           0.72       124
   macro avg       0.36      0.50      0.42       124
weighted avg       0.52      0.72      0.60       124

Prediction period: 2017-01-01 00:00:00 to 2017-06-30 00:00:00
Best jump penalty: 316.2277660168379, Best reg_alpha: 0.2, Best Score: 0.104
Classification Report:
               precision    recall  f1-score   support

      growth       0.00      0.00      0.00        75
       crash       0.40      1.00      0.57        49

    accuracy                           0.40       124
   macro avg       0.20      0.50      0.28       124
weighted avg       0.16      0.40      0.22       124

Prediction period: 2017-07-01 00:00:00 to 2017-12-31 00:00:00
Best jump penalty: 10.0, Best reg_alpha: 0.2, Best Score: 0.104
Classification Report:
               precision    recall  f1-score   support

      growth       0.00      0.00      0.00        61
       crash       0.51      1.00      0.67        63

    accuracy                           0.51       124
   macro avg       0.25      0.50      0.34       124
weighted avg       0.26      0.51      0.34       124

Prediction period: 2018-01-01 00:00:00 to 2018-06-30 00:00:00
Best jump penalty: 10.0, Best reg_alpha: 0.2, Best Score: 0.121
Classification Report:
               precision    recall  f1-score   support

      growth       0.00      0.00      0.00        35
       crash       0.72      1.00      0.84        90

    accuracy                           0.72       125
   macro avg       0.36      0.50      0.42       125
weighted avg       0.52      0.72      0.60       125

Prediction period: 2018-07-01 00:00:00 to 2018-12-31 00:00:00
Best jump penalty: 10.0, Best reg_alpha: 0.2, Best Score: 0.098
Classification Report:
               precision    recall  f1-score   support

      growth       1.00      0.93      0.96        29
       crash       0.98      1.00      0.99        95

    accuracy                           0.98       124
   macro avg       0.99      0.97      0.98       124
weighted avg       0.98      0.98      0.98       124

Prediction period: 2019-01-01 00:00:00 to 2019-06-30 00:00:00
Best jump penalty: 10.0, Best reg_alpha: 0.2, Best Score: 0.075
Classification Report:
               precision    recall  f1-score   support

      growth       0.68      0.30      0.41        44
       crash       0.70      0.92      0.80        79

    accuracy                           0.70       123
   macro avg       0.69      0.61      0.61       123
weighted avg       0.70      0.70      0.66       123

Prediction period: 2019-07-01 00:00:00 to 2019-12-31 00:00:00
Best jump penalty: 316.2277660168379, Best reg_alpha: 0.2, Best Score: 0.070
Classification Report:
               precision    recall  f1-score   support

      growth       0.66      0.48      0.55        48
       crash       0.73      0.85      0.78        78

    accuracy                           0.71       126
   macro avg       0.69      0.66      0.67       126
weighted avg       0.70      0.71      0.69       126

Prediction period: 2020-01-01 00:00:00 to 2020-06-30 00:00:00
Best jump penalty: 56.23413251903491, Best reg_alpha: 0.2, Best Score: 0.032
Classification Report:
               precision    recall  f1-score   support

      growth       0.36      1.00      0.53        30
       crash       1.00      0.43      0.60        94

    accuracy                           0.56       124
   macro avg       0.68      0.71      0.56       124
weighted avg       0.84      0.56      0.58       124

Prediction period: 2020-07-01 00:00:00 to 2020-12-31 00:00:00
Best jump penalty: 56.23413251903491, Best reg_alpha: 0.2, Best Score: 0.052
Classification Report:
               precision    recall  f1-score   support

      growth       0.00      0.00      0.00        66
       crash       0.47      1.00      0.64        59

    accuracy                           0.47       125
   macro avg       0.24      0.50      0.32       125
weighted avg       0.22      0.47      0.30       125

Prediction period: 2021-01-01 00:00:00 to 2021-06-30 00:00:00
Best jump penalty: 10.0, Best reg_alpha: 0.2, Best Score: 0.056
Classification Report:
               precision    recall  f1-score   support

      growth       0.00      0.00      0.00        57
       crash       0.54      1.00      0.70        68

    accuracy                           0.54       125
   macro avg       0.27      0.50      0.35       125
weighted avg       0.30      0.54      0.38       125

Prediction period: 2021-07-01 00:00:00 to 2021-12-31 00:00:00
Best jump penalty: 10.0, Best reg_alpha: 0.2, Best Score: 0.061
Classification Report:
               precision    recall  f1-score   support

      growth       1.00      0.02      0.04        54
       crash       0.57      1.00      0.73        71

    accuracy                           0.58       125
   macro avg       0.79      0.51      0.38       125
weighted avg       0.76      0.58      0.43       125

Prediction period: 2022-01-01 00:00:00 to 2022-06-30 00:00:00
Best jump penalty: 10.0, Best reg_alpha: 0.2, Best Score: 0.054
Classification Report:
               precision    recall  f1-score   support

      growth       1.00      0.07      0.12        60
       crash       0.53      1.00      0.69        63

    accuracy                           0.54       123
   macro avg       0.76      0.53      0.41       123
weighted avg       0.76      0.54      0.42       123

Prediction period: 2022-07-01 00:00:00 to 2022-12-31 00:00:00
Best jump penalty: 10.0, Best reg_alpha: 0.2, Best Score: 0.033
Classification Report:
               precision    recall  f1-score   support

      growth       1.00      0.65      0.79        20
       crash       0.94      1.00      0.97       104

    accuracy                           0.94       124
   macro avg       0.97      0.82      0.88       124
weighted avg       0.95      0.94      0.94       124

Prediction period: 2023-01-01 00:00:00 to 2023-06-30 00:00:00
Best jump penalty: 10.0, Best reg_alpha: 0.2, Best Score: 0.038
Classification Report:
               precision    recall  f1-score   support

      growth       1.00      0.21      0.35        42
       crash       0.71      1.00      0.83        82

    accuracy                           0.73       124
   macro avg       0.86      0.61      0.59       124
weighted avg       0.81      0.73      0.67       124

Prediction period: 2023-07-01 00:00:00 to 2023-12-31 00:00:00
Best jump penalty: 10.0, Best reg_alpha: 0.2, Best Score: 0.040
Classification Report:
               precision    recall  f1-score   support

      growth       0.00      0.00      0.00        33
       crash       0.74      1.00      0.85        92

    accuracy                           0.74       125
   macro avg       0.37      0.50      0.42       125
weighted avg       0.54      0.74      0.62       125

Prediction period: 2024-01-01 00:00:00 to 2024-06-30 00:00:00
Best jump penalty: 10.0, Best reg_alpha: 0.2, Best Score: 0.029
Classification Report:
               precision    recall  f1-score   support

      growth       0.00      0.00      0.00        50
       crash       0.61      1.00      0.76        78

    accuracy                           0.61       128
   macro avg       0.30      0.50      0.38       128
weighted avg       0.37      0.61      0.46       128

Prediction period: 2024-07-01 00:00:00 to 2024-12-31 00:00:00
Best jump penalty: 10.0, Best reg_alpha: 0.2, Best Score: 0.014
Classification Report:
               precision    recall  f1-score   support

      growth       1.00      0.01      0.03        67
       crash       0.49      1.00      0.66        64

    accuracy                           0.50       131
   macro avg       0.75      0.51      0.34       131
weighted avg       0.75      0.50      0.34       131

   annual_return  annual_vol    sharpe  ...   cvar_99    calmar  information_ratio
0       0.060513    0.047875  1.263993  ... -0.012074  0.355885           0.998554

[1 rows x 8 columns]
   annual_return  annual_vol    sharpe  ...   cvar_99    calmar  information_ratio
0       0.015967    0.073748  0.216502  ... -0.014961  0.054052           0.107515

[1 rows x 8 columns]
   annual_return  annual_vol   sharpe  ...   cvar_99    calmar  information_ratio
0       0.047906    0.047414  1.01038  ... -0.014647  0.230056           0.622017

[1 rows x 8 columns]
   annual_return  annual_vol    sharpe  ...   cvar_99    calmar  information_ratio
0       0.011909    0.043135  0.276085  ... -0.010021  0.053233                NaN

[1 rows x 8 columns]
[Full loop] 2024-07-01～2024-12-31 total 1311.9s
