/home/tk9623/JM_to_FI/UST10_master_cont1.4.2_long_grlap.py:141: FutureWarning: DataFrame.fillna with 'method' is deprecated and will raise in a future version. Use obj.ffill() or obj.bfill() instead.
  X_with_pc = X_with_pc.fillna(method="bfill")
/home/tk9623/JM_to_FI/UST10_master_cont1.4.2_long_grlap.py:172: FutureWarning: DataFrame.fillna with 'method' is deprecated and will raise in a future version. Use obj.ffill() or obj.bfill() instead.
  X_with_ns = X_with_ns.fillna(method="bfill")
/home/tk9623/JM_to_FI/UST10_master_cont1.4.2_long_grlap.py:376: FutureWarning: DataFrame.fillna with 'method' is deprecated and will raise in a future version. Use obj.ffill() or obj.bfill() instead.
  bi_aligned = bi_aligned.fillna(method="bfill")
Daily returns stored in `data.ret_ser`:
--------------------------------------------------
date
1982-01-11   -0.015971
1982-01-12    0.010590
1982-01-13   -0.010331
1982-01-14    0.006727
1982-01-15   -0.004911
                ...   
2025-03-24   -0.006368
2025-03-26   -0.000698
2025-03-27   -0.001434
2025-03-28    0.008694
2025-03-31    0.003802
Name: UST10, Length: 11272, dtype: float64
--------------------------------------------------
Features stored in `data.X`:
--------------------------------------------------
               ret_5  DD-log_5  sortino_5  ...    ret_60  DD-log_60  sortino_60
date                                       ...                                 
1982-01-11 -0.003413 -4.817972  -0.422206  ...  0.000045  -5.117899    0.007515
1982-01-12 -0.001600 -4.887287  -0.212159  ...  0.000166  -5.123688    0.027946
1982-01-13 -0.002730 -4.833562  -0.343076  ...  0.000046  -5.112249    0.007565
1982-01-14 -0.001506 -4.902876  -0.202823  ...  0.000122  -5.118037    0.020454
1982-01-15 -0.001947 -4.940675  -0.272293  ...  0.000065  -5.119924    0.010797
...              ...       ...        ...  ...       ...        ...         ...
2025-03-24 -0.000293 -5.867173  -0.103587  ...  0.000157  -5.872110    0.055646
2025-03-26 -0.000346 -5.931987  -0.130275  ...  0.000147  -5.877529    0.052444
2025-03-27 -0.000487 -5.980048  -0.192394  ...  0.000129  -5.881786    0.046160
2025-03-28  0.000702 -6.049362   0.297522  ...  0.000227  -5.887562    0.081898
2025-03-31  0.001103 -6.118677   0.501149  ...  0.000268  -5.893339    0.097260

[11272 rows x 9 columns]
[base] train: 1982-01-11 00:00:00〜1994-12-30 00:00:00 | validation 1995-01-02 00:00:00 ~ 2003-12-31 00:00:00 |test: 2004-01-01 00:00:00〜2025-03-31 00:00:00
  raw train—inf? False, nan? False
  clean train—inf? False, nan? False
  raw val   —inf? False, nan? False
  clean val —inf? False, nan? False
  raw test —inf? False, nan? False
  clean test —inf? False, nan? False

[NS] train: 1982-01-11 00:00:00〜1994-12-30 00:00:00 | validation 1995-01-02 00:00:00 ~ 2003-12-31 00:00:00 |test: 2004-01-01 00:00:00〜2025-03-31 00:00:00
  raw train—inf? False, nan? False
  clean train—inf? False, nan? False
  raw val   —inf? False, nan? False
  clean val —inf? False, nan? False
  raw test —inf? False, nan? False
  clean test —inf? False, nan? False

[PCA] train: 1982-01-11 00:00:00〜1994-12-30 00:00:00 | validation 1995-01-02 00:00:00 ~ 2003-12-31 00:00:00 |test: 2004-01-01 00:00:00〜2025-03-31 00:00:00
  raw train—inf? False, nan? False
  clean train—inf? False, nan? False
  raw val   —inf? False, nan? False
  clean val —inf? False, nan? False
  raw test —inf? False, nan? False
  clean test —inf? False, nan? False

Using device: cuda
/home/tk9623/JM_to_FI/UST10_master_cont1.4.2_long_grlap.py:518: FutureWarning: The behavior of array concatenation with empty entries is deprecated. In a future version, this will no longer exclude empty items when determining the result dtype. To retain the old behavior, exclude the empty entries before the concat operation.
  regime_all = pd.concat([regime_all, regime])
Prediction period: 2014-01-01 00:00:00 to 2014-06-30 00:00:00
Best jump penalty: 1.0, Best Score: 0.012
Classification Report:
               precision    recall  f1-score   support

      growth       1.00      0.24      0.39        96
       crash       0.30      1.00      0.47        32

    accuracy                           0.43       128
   macro avg       0.65      0.62      0.43       128
weighted avg       0.83      0.43      0.41       128

Prediction period: 2014-07-01 00:00:00 to 2014-12-31 00:00:00
Best jump penalty: 13.894954943731374, Best Score: 0.040
Classification Report:
               precision    recall  f1-score   support

      growth       0.80      0.69      0.74       101
       crash       0.30      0.43      0.35        30

    accuracy                           0.63       131
   macro avg       0.55      0.56      0.55       131
weighted avg       0.69      0.63      0.65       131

Prediction period: 2015-01-01 00:00:00 to 2015-06-30 00:00:00
Best jump penalty: 3.72759372031494, Best Score: 0.019
Classification Report:
               precision    recall  f1-score   support

      growth       0.67      0.96      0.79        25
       crash       0.99      0.88      0.93       103

    accuracy                           0.90       128
   macro avg       0.83      0.92      0.86       128
weighted avg       0.93      0.90      0.90       128

Prediction period: 2015-07-01 00:00:00 to 2015-12-31 00:00:00
Best jump penalty: 26.826957952797244, Best Score: 0.038
Classification Report:
               precision    recall  f1-score   support

      growth       0.47      0.66      0.55        41
       crash       0.81      0.66      0.72        90

    accuracy                           0.66       131
   macro avg       0.64      0.66      0.63       131
weighted avg       0.70      0.66      0.67       131

Prediction period: 2016-01-01 00:00:00 to 2016-06-30 00:00:00
Best jump penalty: 1.93069772888325, Best Score: 0.016
Classification Report:
               precision    recall  f1-score   support

      growth       0.65      0.22      0.32        79
       crash       0.40      0.82      0.54        50

    accuracy                           0.45       129
   macro avg       0.53      0.52      0.43       129
weighted avg       0.55      0.45      0.41       129

   annual_return  annual_vol    sharpe  ...   cvar_99    calmar  information_ratio
0      -0.023711    0.038192 -0.620831  ... -0.009743 -0.291614          -2.065462

[1 rows x 8 columns]
   annual_return  annual_vol    sharpe  ...   cvar_99    calmar  information_ratio
0       0.079268    0.064417  1.230542  ... -0.011641  1.204345            0.89524

[1 rows x 8 columns]
   annual_return  annual_vol    sharpe  ...   cvar_99    calmar  information_ratio
0       0.047218    0.031609  1.493844  ... -0.005831  1.688645                NaN

[1 rows x 8 columns]
[Full loop] 2016-01-01～2016-06-30 total 558.2s
